  binaryTree.c
  GlassBridge.c
C:\Users\201721157\source\repos\sample\sample\GlassBridge.c(55,49): warning C4047: '함수': 'Queue *'의 간접 참조 수준이 'Queue **'과(와) 다릅니다.
C:\Users\201721157\source\repos\sample\sample\GlassBridge.c(55,47): warning C4024: 'move_bridge': 형식 및 실제 매개 변수 5의 형식이 서로 다릅니다.
C:\Users\201721157\source\repos\sample\sample\GlassBridge.c(149,49): warning C4047: '함수': 'Queue *'의 간접 참조 수준이 'Queue **'과(와) 다릅니다.
C:\Users\201721157\source\repos\sample\sample\GlassBridge.c(149,47): warning C4024: 'move_bridge': 형식 및 실제 매개 변수 5의 형식이 서로 다릅니다.
C:\Users\201721157\source\repos\sample\sample\GlassBridge.c(186,33): warning C4047: '함수': 'Queue *'의 간접 참조 수준이 'Queue **'과(와) 다릅니다.
C:\Users\201721157\source\repos\sample\sample\GlassBridge.c(186,31): warning C4024: 'restart': 형식 및 실제 매개 변수 2의 형식이 서로 다릅니다.
C:\Users\201721157\source\repos\sample\sample\GlassBridge.c(187,27): warning C4047: '함수': 'Queue *'의 간접 참조 수준이 'Queue **'과(와) 다릅니다.
C:\Users\201721157\source\repos\sample\sample\GlassBridge.c(187,25): warning C4024: 'dequeue': 형식 및 실제 매개 변수 1의 형식이 서로 다릅니다.
C:\Users\201721157\source\repos\sample\sample\GlassBridge.c(214,33): warning C4047: '함수': 'Queue *'의 간접 참조 수준이 'Queue **'과(와) 다릅니다.
C:\Users\201721157\source\repos\sample\sample\GlassBridge.c(214,31): warning C4024: 'restart': 형식 및 실제 매개 변수 2의 형식이 서로 다릅니다.
C:\Users\201721157\source\repos\sample\sample\GlassBridge.c(215,27): warning C4047: '함수': 'Queue *'의 간접 참조 수준이 'Queue **'과(와) 다릅니다.
C:\Users\201721157\source\repos\sample\sample\GlassBridge.c(215,25): warning C4024: 'dequeue': 형식 및 실제 매개 변수 1의 형식이 서로 다릅니다.
  heap.c
  listNode.c
C:\Users\201721157\source\repos\sample\sample\listNode.c(26,10): warning C4013: 'setcolor'이(가) 정의되지 않았습니다. extern은 int형을 반환하는 것으로 간주합니다.
C:\Users\201721157\source\repos\sample\sample\listNode.c(27,8): warning C4013: 'gotoxy'이(가) 정의되지 않았습니다. extern은 int형을 반환하는 것으로 간주합니다.
  main.c
C:\Users\201721157\source\repos\sample\sample\main.c(9,11): warning C4013: 'squidGame'이(가) 정의되지 않았습니다. extern은 int형을 반환하는 것으로 간주합니다.
  queue.c
C:\Users\201721157\source\repos\sample\sample\queue.c(7,9): warning C4013: 'exit'이(가) 정의되지 않았습니다. extern은 int형을 반환하는 것으로 간주합니다.
  RedLight_GreenLight.c
  SquidGame.c
C:\Users\201721157\source\repos\sample\sample\SquidGame.c(152,18): warning C4244: '함수': 'time_t'에서 'unsigned int'(으)로 변환하면서 데이터가 손실될 수 있습니다.
C:\Users\201721157\source\repos\sample\sample\SquidGame.c(190,32): warning C4013: 'delete_node_s'이(가) 정의되지 않았습니다. extern은 int형을 반환하는 것으로 간주합니다.
C:\Users\201721157\source\repos\sample\sample\SquidGame.c(190,51): warning C4047: '=': 'TreeNode *'의 간접 참조 수준이 'int'과(와) 다릅니다.
C:\Users\201721157\source\repos\sample\sample\SquidGame.c(247,54): warning C4047: '=': 'TreeNode *'의 간접 참조 수준이 'int'과(와) 다릅니다.
C:\Users\201721157\source\repos\sample\sample\SquidGame.c(147,9): warning C4101: 'y' :참조되지 않은 지역 변수입니다.
C:\Users\201721157\source\repos\sample\sample\SquidGame.c(147,6): warning C4101: 'x' :참조되지 않은 지역 변수입니다.
  TugOfWar.c
C:\Users\201721157\source\repos\sample\sample\TugOfWar.c(6,10): fatal error C1083: 포함 파일을 열 수 없습니다. 'pthread.h': No such file or directory
  코드를 생성하고 있습니다...
C:\Users\201721157\Desktop\201721157_김형진\오징어잡기\project\project\binaryTree.c(40): warning C4716: 'min_value_node': 값을 반환해야 합니다.
